[2026-03-04 14:37:01] Starting fresh
[2026-03-04 14:37:01] Total tasks: 15 (3 A values x 5 S0 values)
[2026-03-04 14:37:01] [1/15] A=1.0mHz, S0=1.0e-06: RUNNING T1 + T2 simulation...
[2026-03-04 14:38:54] Starting fresh
[2026-03-04 14:38:54] Total tasks: 15 (3 A values x 5 S0 values)
[2026-03-04 14:38:54] [1/15] A=1.0mHz, S0=1.0e-06: RUNNING T1 simulation...
[2026-03-04 14:39:12] Starting fresh
[2026-03-04 14:39:12] Total tasks: 15 (3 A values x 5 S0 values)
[2026-03-04 14:39:12] [1/15] A=1.0mHz, S0=1.0e-06: RUNNING T1 simulation...
[2026-03-04 14:40:18] Starting fresh
[2026-03-04 14:40:18] Total tasks: 15 (3 A values x 5 S0 values)
[2026-03-04 14:40:18] [1/15] A=1.0mHz, S0=1.0e-06: RUNNING T1 simulation...
[2026-03-04 14:45:48] [1/15] A=1.0mHz, S0=1.0e-06: DONE (T1 shape=(100, 5000))
[2026-03-04 14:45:48]   -> Saved raw data to /home/yunwei/SNAIL/full_simulation copy/T1date_total_rate_raw_data.pkl
[2026-03-04 14:45:48] [2/15] A=1.0mHz, S0=1.8e-06: RUNNING T1 simulation...
[2026-03-04 14:51:22] [2/15] A=1.0mHz, S0=1.8e-06: DONE (T1 shape=(100, 5000))
[2026-03-04 14:51:22]   -> Saved raw data to /home/yunwei/SNAIL/full_simulation copy/T1date_total_rate_raw_data.pkl
[2026-03-04 14:51:22] [3/15] A=1.0mHz, S0=3.2e-06: RUNNING T1 simulation...
[2026-03-04 14:57:16] [3/15] A=1.0mHz, S0=3.2e-06: DONE (T1 shape=(100, 5000))
[2026-03-04 14:57:16]   -> Saved raw data to /home/yunwei/SNAIL/full_simulation copy/T1date_total_rate_raw_data.pkl
[2026-03-04 14:57:16] [4/15] A=1.0mHz, S0=5.6e-06: RUNNING T1 simulation...
[2026-03-04 15:03:25] [4/15] A=1.0mHz, S0=5.6e-06: DONE (T1 shape=(100, 5000))
[2026-03-04 15:03:25]   -> Saved raw data to /home/yunwei/SNAIL/full_simulation copy/T1date_total_rate_raw_data.pkl
[2026-03-04 15:03:25] [5/15] A=1.0mHz, S0=1.0e-05: RUNNING T1 simulation...
[2026-03-04 15:09:43] [5/15] A=1.0mHz, S0=1.0e-05: DONE (T1 shape=(100, 5000))
[2026-03-04 15:09:43]   -> Saved raw data to /home/yunwei/SNAIL/full_simulation copy/T1date_total_rate_raw_data.pkl
[2026-03-04 15:09:43] [6/15] A=3.0mHz, S0=1.0e-06: RUNNING T1 simulation...
[2026-03-04 15:16:22] [6/15] A=3.0mHz, S0=1.0e-06: DONE (T1 shape=(100, 5000))
[2026-03-04 15:16:22]   -> Saved raw data to /home/yunwei/SNAIL/full_simulation copy/T1date_total_rate_raw_data.pkl
[2026-03-04 15:16:22] [7/15] A=3.0mHz, S0=1.8e-06: RUNNING T1 simulation...
[2026-03-04 15:23:04] [7/15] A=3.0mHz, S0=1.8e-06: DONE (T1 shape=(100, 5000))
[2026-03-04 15:23:04]   -> Saved raw data to /home/yunwei/SNAIL/full_simulation copy/T1date_total_rate_raw_data.pkl
[2026-03-04 15:23:04] [8/15] A=3.0mHz, S0=3.2e-06: RUNNING T1 simulation...
[2026-03-04 15:29:58] [8/15] A=3.0mHz, S0=3.2e-06: DONE (T1 shape=(100, 5000))
[2026-03-04 15:29:58]   -> Saved raw data to /home/yunwei/SNAIL/full_simulation copy/T1date_total_rate_raw_data.pkl
[2026-03-04 15:29:58] [9/15] A=3.0mHz, S0=5.6e-06: RUNNING T1 simulation...
[2026-03-04 15:37:12] [9/15] A=3.0mHz, S0=5.6e-06: DONE (T1 shape=(100, 5000))
[2026-03-04 15:37:12]   -> Saved raw data to /home/yunwei/SNAIL/full_simulation copy/T1date_total_rate_raw_data.pkl
[2026-03-04 15:37:12] [10/15] A=3.0mHz, S0=1.0e-05: RUNNING T1 simulation...
[2026-03-04 15:44:26] [10/15] A=3.0mHz, S0=1.0e-05: DONE (T1 shape=(100, 5000))
[2026-03-04 15:44:26]   -> Saved raw data to /home/yunwei/SNAIL/full_simulation copy/T1date_total_rate_raw_data.pkl
[2026-03-04 15:44:26] [11/15] A=5.0mHz, S0=1.0e-06: RUNNING T1 simulation...
[2026-03-04 15:50:54] [11/15] A=5.0mHz, S0=1.0e-06: DONE (T1 shape=(100, 5000))
[2026-03-04 15:50:54]   -> Saved raw data to /home/yunwei/SNAIL/full_simulation copy/T1date_total_rate_raw_data.pkl
[2026-03-04 15:50:54] [12/15] A=5.0mHz, S0=1.8e-06: RUNNING T1 simulation...
[2026-03-04 15:57:16] [12/15] A=5.0mHz, S0=1.8e-06: DONE (T1 shape=(100, 5000))
[2026-03-04 15:57:16]   -> Saved raw data to /home/yunwei/SNAIL/full_simulation copy/T1date_total_rate_raw_data.pkl
[2026-03-04 15:57:16] [13/15] A=5.0mHz, S0=3.2e-06: RUNNING T1 simulation...
[2026-03-04 16:03:34] [13/15] A=5.0mHz, S0=3.2e-06: DONE (T1 shape=(100, 5000))
[2026-03-04 16:03:34]   -> Saved raw data to /home/yunwei/SNAIL/full_simulation copy/T1date_total_rate_raw_data.pkl
[2026-03-04 16:03:34] [14/15] A=5.0mHz, S0=5.6e-06: RUNNING T1 simulation...
[2026-03-04 16:09:52] [14/15] A=5.0mHz, S0=5.6e-06: DONE (T1 shape=(100, 5000))
[2026-03-04 16:09:52]   -> Saved raw data to /home/yunwei/SNAIL/full_simulation copy/T1date_total_rate_raw_data.pkl
[2026-03-04 16:09:52] [15/15] A=5.0mHz, S0=1.0e-05: RUNNING T1 simulation...
[2026-03-04 16:16:15] [15/15] A=5.0mHz, S0=1.0e-05: DONE (T1 shape=(100, 5000))
[2026-03-04 16:16:15]   -> Saved raw data to /home/yunwei/SNAIL/full_simulation copy/T1date_total_rate_raw_data.pkl
[2026-03-04 16:16:15] === ALL T1 SIMULATIONS DONE ===
[2026-03-04 16:24:38] Loaded existing raw data from /home/yunwei/SNAIL/full_simulation copy/T1date_total_rate_raw_data.pkl
[2026-03-04 16:24:38] Total tasks: 1 (1 A values x 1 S0 values)
[2026-03-04 16:24:38] [1/1] A=0.0mHz, S0=1.0e-05: RUNNING T1 simulation...
[2026-03-04 16:28:55] [1/1] A=0.0mHz, S0=1.0e-05: DONE (T1 shape=(100, 5000))
[2026-03-04 16:28:55]   -> Saved raw data to /home/yunwei/SNAIL/full_simulation copy/T1date_total_rate_raw_data.pkl
[2026-03-04 16:28:55] === ALL T1 SIMULATIONS DONE ===
[2026-03-04 16:34:28] Loaded existing raw data from /home/yunwei/SNAIL/full_simulation copy/T1date_total_rate_raw_data.pkl
[2026-03-04 16:34:28] Total tasks: 5 (1 A values x 5 S0 values)
[2026-03-04 16:34:28] [1/5] A=0.1mHz, S0=1.0e-06: RUNNING T1 simulation...
[2026-03-04 20:50:28] Starting fresh
[2026-03-04 20:50:28] Total tasks: 15 (3 A values x 5 S0 values)
[2026-03-04 20:50:28] [1/15] A=0.1mHz, S0=1.0e-06: RUNNING T1 simulation...
[2026-03-04 20:50:48] [1/15] A=0.1mHz, S0=1.0e-06: DONE (T1 shape=(100, 100))
[2026-03-04 20:50:48]   -> Saved raw data to /home/yunwei/SNAIL/full_simulation copy/T1date_total_rate_raw_data.pkl
[2026-03-04 20:50:48] [2/15] A=0.1mHz, S0=1.8e-06: RUNNING T1 simulation...
[2026-03-04 20:51:05] [2/15] A=0.1mHz, S0=1.8e-06: DONE (T1 shape=(100, 100))
[2026-03-04 20:51:05]   -> Saved raw data to /home/yunwei/SNAIL/full_simulation copy/T1date_total_rate_raw_data.pkl
[2026-03-04 20:51:05] [3/15] A=0.1mHz, S0=3.2e-06: RUNNING T1 simulation...
[2026-03-04 20:51:21] [3/15] A=0.1mHz, S0=3.2e-06: DONE (T1 shape=(100, 100))
[2026-03-04 20:51:21]   -> Saved raw data to /home/yunwei/SNAIL/full_simulation copy/T1date_total_rate_raw_data.pkl
[2026-03-04 20:51:21] [4/15] A=0.1mHz, S0=5.6e-06: RUNNING T1 simulation...
[2026-03-04 20:51:38] [4/15] A=0.1mHz, S0=5.6e-06: DONE (T1 shape=(100, 100))
[2026-03-04 20:51:38]   -> Saved raw data to /home/yunwei/SNAIL/full_simulation copy/T1date_total_rate_raw_data.pkl
[2026-03-04 20:51:38] [5/15] A=0.1mHz, S0=1.0e-05: RUNNING T1 simulation...
[2026-03-04 20:51:55] [5/15] A=0.1mHz, S0=1.0e-05: DONE (T1 shape=(100, 100))
[2026-03-04 20:51:55]   -> Saved raw data to /home/yunwei/SNAIL/full_simulation copy/T1date_total_rate_raw_data.pkl
[2026-03-04 20:51:55] [6/15] A=3.0mHz, S0=1.0e-06: RUNNING T1 simulation...
[2026-03-04 20:52:16] [6/15] A=3.0mHz, S0=1.0e-06: DONE (T1 shape=(100, 100))
[2026-03-04 20:52:16]   -> Saved raw data to /home/yunwei/SNAIL/full_simulation copy/T1date_total_rate_raw_data.pkl
[2026-03-04 20:52:16] [7/15] A=3.0mHz, S0=1.8e-06: RUNNING T1 simulation...
[2026-03-04 20:52:38] [7/15] A=3.0mHz, S0=1.8e-06: DONE (T1 shape=(100, 100))
[2026-03-04 20:52:38]   -> Saved raw data to /home/yunwei/SNAIL/full_simulation copy/T1date_total_rate_raw_data.pkl
[2026-03-04 20:52:38] [8/15] A=3.0mHz, S0=3.2e-06: RUNNING T1 simulation...
[2026-03-04 20:53:00] [8/15] A=3.0mHz, S0=3.2e-06: DONE (T1 shape=(100, 100))
[2026-03-04 20:53:00]   -> Saved raw data to /home/yunwei/SNAIL/full_simulation copy/T1date_total_rate_raw_data.pkl
[2026-03-04 20:53:00] [9/15] A=3.0mHz, S0=5.6e-06: RUNNING T1 simulation...
[2026-03-04 20:53:22] [9/15] A=3.0mHz, S0=5.6e-06: DONE (T1 shape=(100, 100))
[2026-03-04 20:53:22]   -> Saved raw data to /home/yunwei/SNAIL/full_simulation copy/T1date_total_rate_raw_data.pkl
[2026-03-04 20:53:22] [10/15] A=3.0mHz, S0=1.0e-05: RUNNING T1 simulation...
[2026-03-04 20:53:45] [10/15] A=3.0mHz, S0=1.0e-05: DONE (T1 shape=(100, 100))
[2026-03-04 20:53:45]   -> Saved raw data to /home/yunwei/SNAIL/full_simulation copy/T1date_total_rate_raw_data.pkl
[2026-03-04 20:53:45] [11/15] A=5.0mHz, S0=1.0e-06: RUNNING T1 simulation...
[2026-03-04 20:54:06] [11/15] A=5.0mHz, S0=1.0e-06: DONE (T1 shape=(100, 100))
[2026-03-04 20:54:06]   -> Saved raw data to /home/yunwei/SNAIL/full_simulation copy/T1date_total_rate_raw_data.pkl
[2026-03-04 20:54:06] [12/15] A=5.0mHz, S0=1.8e-06: RUNNING T1 simulation...
[2026-03-04 20:54:27] [12/15] A=5.0mHz, S0=1.8e-06: DONE (T1 shape=(100, 100))
[2026-03-04 20:54:27]   -> Saved raw data to /home/yunwei/SNAIL/full_simulation copy/T1date_total_rate_raw_data.pkl
[2026-03-04 20:54:27] [13/15] A=5.0mHz, S0=3.2e-06: RUNNING T1 simulation...
[2026-03-04 20:54:48] [13/15] A=5.0mHz, S0=3.2e-06: DONE (T1 shape=(100, 100))
[2026-03-04 20:54:48]   -> Saved raw data to /home/yunwei/SNAIL/full_simulation copy/T1date_total_rate_raw_data.pkl
[2026-03-04 20:54:48] [14/15] A=5.0mHz, S0=5.6e-06: RUNNING T1 simulation...
[2026-03-04 20:55:09] [14/15] A=5.0mHz, S0=5.6e-06: DONE (T1 shape=(100, 100))
[2026-03-04 20:55:09]   -> Saved raw data to /home/yunwei/SNAIL/full_simulation copy/T1date_total_rate_raw_data.pkl
[2026-03-04 20:55:09] [15/15] A=5.0mHz, S0=1.0e-05: RUNNING T1 simulation...
[2026-03-04 20:55:31] [15/15] A=5.0mHz, S0=1.0e-05: DONE (T1 shape=(100, 100))
[2026-03-04 20:55:31]   -> Saved raw data to /home/yunwei/SNAIL/full_simulation copy/T1date_total_rate_raw_data.pkl
[2026-03-04 20:55:31] === ALL T1 SIMULATIONS DONE ===
[2026-03-04 20:56:05] Loaded existing raw data from /home/yunwei/SNAIL/full_simulation copy/T1date_total_rate_raw_data.pkl
[2026-03-04 20:56:05] Total tasks: 1 (1 A values x 1 S0 values)
[2026-03-04 20:56:05] [1/1] A=0.0mHz, S0=0.0e+00: RUNNING T1 simulation...
[2026-03-04 20:56:14] [1/1] A=0.0mHz, S0=0.0e+00: DONE (T1 shape=(100, 100))
[2026-03-04 20:56:14]   -> Saved raw data to /home/yunwei/SNAIL/full_simulation copy/T1date_total_rate_raw_data.pkl
[2026-03-04 20:56:14] === ALL T1 SIMULATIONS DONE ===
[2026-03-07 15:39:51] Loaded existing raw data from /home/yunwei/SNAIL/full_simulation copy/T1date_total_rate_raw_data.pkl
[2026-03-07 15:39:51] Total tasks: 15 (3 A values x 5 S0 values)
[2026-03-07 15:39:51] [1/15] A=0.1mHz, S0=1.0e-06: SKIPPED (already done)
[2026-03-07 15:39:51] [2/15] A=0.1mHz, S0=1.8e-06: SKIPPED (already done)
[2026-03-07 15:39:51] [3/15] A=0.1mHz, S0=3.2e-06: SKIPPED (already done)
[2026-03-07 15:39:51] [4/15] A=0.1mHz, S0=5.6e-06: SKIPPED (already done)
[2026-03-07 15:39:51] [5/15] A=0.1mHz, S0=1.0e-05: SKIPPED (already done)
[2026-03-07 15:39:51] [6/15] A=3.0mHz, S0=1.0e-06: SKIPPED (already done)
[2026-03-07 15:39:51] [7/15] A=3.0mHz, S0=1.8e-06: SKIPPED (already done)
[2026-03-07 15:39:51] [8/15] A=3.0mHz, S0=3.2e-06: SKIPPED (already done)
[2026-03-07 15:39:51] [9/15] A=3.0mHz, S0=5.6e-06: SKIPPED (already done)
[2026-03-07 15:39:51] [10/15] A=3.0mHz, S0=1.0e-05: SKIPPED (already done)
[2026-03-07 15:39:51] [11/15] A=5.0mHz, S0=1.0e-06: SKIPPED (already done)
[2026-03-07 15:39:51] [12/15] A=5.0mHz, S0=1.8e-06: SKIPPED (already done)
[2026-03-07 15:39:51] [13/15] A=5.0mHz, S0=3.2e-06: SKIPPED (already done)
[2026-03-07 15:39:51] [14/15] A=5.0mHz, S0=5.6e-06: SKIPPED (already done)
[2026-03-07 15:39:51] [15/15] A=5.0mHz, S0=1.0e-05: SKIPPED (already done)
[2026-03-07 15:39:51] === ALL T1 SIMULATIONS DONE ===
[2026-03-07 15:39:57] Loaded existing raw data from /home/yunwei/SNAIL/full_simulation copy/T1date_total_rate_raw_data.pkl
[2026-03-07 15:39:57] Total tasks: 1 (1 A values x 1 S0 values)
[2026-03-07 15:39:57] [1/1] A=0.0mHz, S0=0.0e+00: SKIPPED (already done)
[2026-03-07 15:39:57] === ALL T1 SIMULATIONS DONE ===
[2026-03-07 15:40:49] Loaded existing raw data from /home/yunwei/SNAIL/full_simulation copy/T1date_total_rate_raw_data.pkl
[2026-03-07 15:40:49] Total tasks: 15 (3 A values x 5 S0 values)
[2026-03-07 15:40:49] [1/15] A=0.1mHz, S0=1.0e-06: SKIPPED (already done)
[2026-03-07 15:40:49] [2/15] A=0.1mHz, S0=1.8e-06: SKIPPED (already done)
[2026-03-07 15:40:49] [3/15] A=0.1mHz, S0=3.2e-06: SKIPPED (already done)
[2026-03-07 15:40:49] [4/15] A=0.1mHz, S0=5.6e-06: SKIPPED (already done)
[2026-03-07 15:40:49] [5/15] A=0.1mHz, S0=1.0e-05: SKIPPED (already done)
[2026-03-07 15:40:49] [6/15] A=1.0mHz, S0=1.0e-06: RUNNING T1 simulation...
[2026-03-07 15:41:12] [6/15] A=1.0mHz, S0=1.0e-06: DONE (T1 shape=(100, 100))
[2026-03-07 15:41:12]   -> Saved raw data to /home/yunwei/SNAIL/full_simulation copy/T1date_total_rate_raw_data.pkl
[2026-03-07 15:41:12] [7/15] A=1.0mHz, S0=1.8e-06: RUNNING T1 simulation...
[2026-03-07 15:41:32] [7/15] A=1.0mHz, S0=1.8e-06: DONE (T1 shape=(100, 100))
[2026-03-07 15:41:32]   -> Saved raw data to /home/yunwei/SNAIL/full_simulation copy/T1date_total_rate_raw_data.pkl
[2026-03-07 15:41:32] [8/15] A=1.0mHz, S0=3.2e-06: RUNNING T1 simulation...
[2026-03-07 15:41:52] [8/15] A=1.0mHz, S0=3.2e-06: DONE (T1 shape=(100, 100))
[2026-03-07 15:41:52]   -> Saved raw data to /home/yunwei/SNAIL/full_simulation copy/T1date_total_rate_raw_data.pkl
[2026-03-07 15:41:52] [9/15] A=1.0mHz, S0=5.6e-06: RUNNING T1 simulation...
[2026-03-07 15:42:13] [9/15] A=1.0mHz, S0=5.6e-06: DONE (T1 shape=(100, 100))
[2026-03-07 15:42:13]   -> Saved raw data to /home/yunwei/SNAIL/full_simulation copy/T1date_total_rate_raw_data.pkl
[2026-03-07 15:42:13] [10/15] A=1.0mHz, S0=1.0e-05: RUNNING T1 simulation...
[2026-03-07 15:42:34] [10/15] A=1.0mHz, S0=1.0e-05: DONE (T1 shape=(100, 100))
[2026-03-07 15:42:34]   -> Saved raw data to /home/yunwei/SNAIL/full_simulation copy/T1date_total_rate_raw_data.pkl
[2026-03-07 15:42:34] [11/15] A=5.0mHz, S0=1.0e-06: SKIPPED (already done)
[2026-03-07 15:42:34] [12/15] A=5.0mHz, S0=1.8e-06: SKIPPED (already done)
[2026-03-07 15:42:34] [13/15] A=5.0mHz, S0=3.2e-06: SKIPPED (already done)
[2026-03-07 15:42:34] [14/15] A=5.0mHz, S0=5.6e-06: SKIPPED (already done)
[2026-03-07 15:42:34] [15/15] A=5.0mHz, S0=1.0e-05: SKIPPED (already done)
[2026-03-07 15:42:34] === ALL T1 SIMULATIONS DONE ===
[2026-03-07 15:44:16] Loaded existing raw data from /home/yunwei/SNAIL/full_simulation copy/T1date_total_rate_raw_data.pkl
[2026-03-07 15:44:16] Total tasks: 1 (1 A values x 1 S0 values)
[2026-03-07 15:44:16] [1/1] A=0.0mHz, S0=0.0e+00: SKIPPED (already done)
[2026-03-07 15:44:16] === ALL T1 SIMULATIONS DONE ===
[2026-03-07 15:45:40] Starting fresh
[2026-03-07 15:45:40] Total tasks: 15 (3 A values x 5 S0 values)
[2026-03-07 15:45:40] [1/15] A=0.1mHz, S0=1.0e-06: RUNNING T1 simulation...
[2026-03-07 15:46:37] [1/15] A=0.1mHz, S0=1.0e-06: DONE (T1 shape=(100, 1000))
[2026-03-07 15:46:37]   -> Saved raw data to /home/yunwei/SNAIL/full_simulation copy/T1date_total_rate_raw_data.pkl
[2026-03-07 15:46:37] [2/15] A=0.1mHz, S0=1.8e-06: RUNNING T1 simulation...
[2026-03-07 15:47:54] Starting fresh
[2026-03-07 15:47:54] Total tasks: 15 (3 A values x 5 S0 values)
[2026-03-07 15:47:54] [1/15] A=0.1mHz, S0=1.0e-06: RUNNING T1 simulation...
[2026-03-07 19:52:37] Starting fresh
[2026-03-07 19:52:37] Total tasks: 15 (3 A values x 5 S0 values)
[2026-03-07 19:52:37] [1/15] A=0.1mHz, S0=1.0e-06: RUNNING T1 simulation...
[2026-03-07 20:00:25] [1/15] A=0.1mHz, S0=1.0e-06: DONE (T1 shape=(100, 10000))
[2026-03-07 20:00:25]   -> Saved raw data to /home/yunwei/SNAIL/full_simulation copy/T1date_total_rate_raw_data.pkl
[2026-03-07 20:00:25] [2/15] A=0.1mHz, S0=1.8e-06: RUNNING T1 simulation...
[2026-03-07 20:08:36] [2/15] A=0.1mHz, S0=1.8e-06: DONE (T1 shape=(100, 10000))
[2026-03-07 20:08:36]   -> Saved raw data to /home/yunwei/SNAIL/full_simulation copy/T1date_total_rate_raw_data.pkl
[2026-03-07 20:08:36] [3/15] A=0.1mHz, S0=3.2e-06: RUNNING T1 simulation...
[2026-03-07 20:17:30] [3/15] A=0.1mHz, S0=3.2e-06: DONE (T1 shape=(100, 10000))
[2026-03-07 20:17:30]   -> Saved raw data to /home/yunwei/SNAIL/full_simulation copy/T1date_total_rate_raw_data.pkl
[2026-03-07 20:17:30] [4/15] A=0.1mHz, S0=5.6e-06: RUNNING T1 simulation...
[2026-03-07 20:27:25] [4/15] A=0.1mHz, S0=5.6e-06: DONE (T1 shape=(100, 10000))
[2026-03-07 20:27:25]   -> Saved raw data to /home/yunwei/SNAIL/full_simulation copy/T1date_total_rate_raw_data.pkl
[2026-03-07 20:27:25] [5/15] A=0.1mHz, S0=1.0e-05: RUNNING T1 simulation...
[2026-03-07 20:38:26] [5/15] A=0.1mHz, S0=1.0e-05: DONE (T1 shape=(100, 10000))
[2026-03-07 20:38:26]   -> Saved raw data to /home/yunwei/SNAIL/full_simulation copy/T1date_total_rate_raw_data.pkl
[2026-03-07 20:38:26] [6/15] A=1.0mHz, S0=1.0e-06: RUNNING T1 simulation...
[2026-03-07 20:49:09] [6/15] A=1.0mHz, S0=1.0e-06: DONE (T1 shape=(100, 10000))
[2026-03-07 20:49:09]   -> Saved raw data to /home/yunwei/SNAIL/full_simulation copy/T1date_total_rate_raw_data.pkl
[2026-03-07 20:49:09] [7/15] A=1.0mHz, S0=1.8e-06: RUNNING T1 simulation...
[2026-03-07 21:00:12] [7/15] A=1.0mHz, S0=1.8e-06: DONE (T1 shape=(100, 10000))
[2026-03-07 21:00:12]   -> Saved raw data to /home/yunwei/SNAIL/full_simulation copy/T1date_total_rate_raw_data.pkl
[2026-03-07 21:00:12] [8/15] A=1.0mHz, S0=3.2e-06: RUNNING T1 simulation...
[2026-03-07 21:11:40] [8/15] A=1.0mHz, S0=3.2e-06: DONE (T1 shape=(100, 10000))
[2026-03-07 21:11:40]   -> Saved raw data to /home/yunwei/SNAIL/full_simulation copy/T1date_total_rate_raw_data.pkl
[2026-03-07 21:11:40] [9/15] A=1.0mHz, S0=5.6e-06: RUNNING T1 simulation...
[2026-03-07 21:23:41] [9/15] A=1.0mHz, S0=5.6e-06: DONE (T1 shape=(100, 10000))
[2026-03-07 21:23:41]   -> Saved raw data to /home/yunwei/SNAIL/full_simulation copy/T1date_total_rate_raw_data.pkl
[2026-03-07 21:23:41] [10/15] A=1.0mHz, S0=1.0e-05: RUNNING T1 simulation...
[2026-03-07 21:36:05] [10/15] A=1.0mHz, S0=1.0e-05: DONE (T1 shape=(100, 10000))
[2026-03-07 21:36:06]   -> Saved raw data to /home/yunwei/SNAIL/full_simulation copy/T1date_total_rate_raw_data.pkl
[2026-03-07 21:36:06] [11/15] A=5.0mHz, S0=1.0e-06: RUNNING T1 simulation...
[2026-03-07 21:48:34] [11/15] A=5.0mHz, S0=1.0e-06: DONE (T1 shape=(100, 10000))
[2026-03-07 21:48:34]   -> Saved raw data to /home/yunwei/SNAIL/full_simulation copy/T1date_total_rate_raw_data.pkl
[2026-03-07 21:48:34] [12/15] A=5.0mHz, S0=1.8e-06: RUNNING T1 simulation...
[2026-03-07 22:00:54] [12/15] A=5.0mHz, S0=1.8e-06: DONE (T1 shape=(100, 10000))
[2026-03-07 22:00:54]   -> Saved raw data to /home/yunwei/SNAIL/full_simulation copy/T1date_total_rate_raw_data.pkl
[2026-03-07 22:00:54] [13/15] A=5.0mHz, S0=3.2e-06: RUNNING T1 simulation...
[2026-03-07 22:13:01] [13/15] A=5.0mHz, S0=3.2e-06: DONE (T1 shape=(100, 10000))
[2026-03-07 22:13:01]   -> Saved raw data to /home/yunwei/SNAIL/full_simulation copy/T1date_total_rate_raw_data.pkl
[2026-03-07 22:13:01] [14/15] A=5.0mHz, S0=5.6e-06: RUNNING T1 simulation...
[2026-03-07 22:25:09] [14/15] A=5.0mHz, S0=5.6e-06: DONE (T1 shape=(100, 10000))
[2026-03-07 22:25:09]   -> Saved raw data to /home/yunwei/SNAIL/full_simulation copy/T1date_total_rate_raw_data.pkl
[2026-03-07 22:25:09] [15/15] A=5.0mHz, S0=1.0e-05: RUNNING T1 simulation...
[2026-03-07 22:37:32] [15/15] A=5.0mHz, S0=1.0e-05: DONE (T1 shape=(100, 10000))
[2026-03-07 22:37:32]   -> Saved raw data to /home/yunwei/SNAIL/full_simulation copy/T1date_total_rate_raw_data.pkl
[2026-03-07 22:37:32] === ALL T1 SIMULATIONS DONE ===
[2026-03-08 12:17:26] Starting fresh
[2026-03-08 12:17:26] Total tasks: 15 (3 A values x 5 S0 values)
[2026-03-08 12:17:26] [1/15] A=0.1mHz, S0=1.0e-06: RUNNING T1 simulation...
[2026-03-08 12:17:45] [1/15] A=0.1mHz, S0=1.0e-06: DONE (T1 shape=(100, 100))
[2026-03-08 12:17:45]   -> Saved raw data to /home/yunwei/SNAIL/full_simulation copy/T1date_total_rate_raw_data.pkl
[2026-03-08 12:17:45] [2/15] A=0.1mHz, S0=1.8e-06: RUNNING T1 simulation...
[2026-03-08 12:18:02] [2/15] A=0.1mHz, S0=1.8e-06: DONE (T1 shape=(100, 100))
[2026-03-08 12:18:02]   -> Saved raw data to /home/yunwei/SNAIL/full_simulation copy/T1date_total_rate_raw_data.pkl
[2026-03-08 12:18:02] [3/15] A=0.1mHz, S0=3.2e-06: RUNNING T1 simulation...
[2026-03-08 12:18:19] [3/15] A=0.1mHz, S0=3.2e-06: DONE (T1 shape=(100, 100))
[2026-03-08 12:18:19]   -> Saved raw data to /home/yunwei/SNAIL/full_simulation copy/T1date_total_rate_raw_data.pkl
[2026-03-08 12:18:19] [4/15] A=0.1mHz, S0=5.6e-06: RUNNING T1 simulation...
[2026-03-08 12:18:36] [4/15] A=0.1mHz, S0=5.6e-06: DONE (T1 shape=(100, 100))
[2026-03-08 12:18:36]   -> Saved raw data to /home/yunwei/SNAIL/full_simulation copy/T1date_total_rate_raw_data.pkl
[2026-03-08 12:18:36] [5/15] A=0.1mHz, S0=1.0e-05: RUNNING T1 simulation...
[2026-03-08 12:18:53] [5/15] A=0.1mHz, S0=1.0e-05: DONE (T1 shape=(100, 100))
[2026-03-08 12:18:53]   -> Saved raw data to /home/yunwei/SNAIL/full_simulation copy/T1date_total_rate_raw_data.pkl
[2026-03-08 12:18:53] [6/15] A=1.0mHz, S0=1.0e-06: RUNNING T1 simulation...
[2026-03-08 12:19:13] [6/15] A=1.0mHz, S0=1.0e-06: DONE (T1 shape=(100, 100))
[2026-03-08 12:19:13]   -> Saved raw data to /home/yunwei/SNAIL/full_simulation copy/T1date_total_rate_raw_data.pkl
[2026-03-08 12:19:13] [7/15] A=1.0mHz, S0=1.8e-06: RUNNING T1 simulation...
[2026-03-08 12:19:33] [7/15] A=1.0mHz, S0=1.8e-06: DONE (T1 shape=(100, 100))
[2026-03-08 12:19:33]   -> Saved raw data to /home/yunwei/SNAIL/full_simulation copy/T1date_total_rate_raw_data.pkl
[2026-03-08 12:19:33] [8/15] A=1.0mHz, S0=3.2e-06: RUNNING T1 simulation...
[2026-03-08 12:19:54] [8/15] A=1.0mHz, S0=3.2e-06: DONE (T1 shape=(100, 100))
[2026-03-08 12:19:54]   -> Saved raw data to /home/yunwei/SNAIL/full_simulation copy/T1date_total_rate_raw_data.pkl
[2026-03-08 12:19:54] [9/15] A=1.0mHz, S0=5.6e-06: RUNNING T1 simulation...
[2026-03-08 12:20:15] [9/15] A=1.0mHz, S0=5.6e-06: DONE (T1 shape=(100, 100))
[2026-03-08 12:20:15]   -> Saved raw data to /home/yunwei/SNAIL/full_simulation copy/T1date_total_rate_raw_data.pkl
[2026-03-08 12:20:15] [10/15] A=1.0mHz, S0=1.0e-05: RUNNING T1 simulation...
[2026-03-08 12:20:36] [10/15] A=1.0mHz, S0=1.0e-05: DONE (T1 shape=(100, 100))
[2026-03-08 12:20:36]   -> Saved raw data to /home/yunwei/SNAIL/full_simulation copy/T1date_total_rate_raw_data.pkl
[2026-03-08 12:20:36] [11/15] A=5.0mHz, S0=1.0e-06: RUNNING T1 simulation...
[2026-03-08 12:20:57] [11/15] A=5.0mHz, S0=1.0e-06: DONE (T1 shape=(100, 100))
[2026-03-08 12:20:57]   -> Saved raw data to /home/yunwei/SNAIL/full_simulation copy/T1date_total_rate_raw_data.pkl
[2026-03-08 12:20:57] [12/15] A=5.0mHz, S0=1.8e-06: RUNNING T1 simulation...
[2026-03-08 12:21:19] [12/15] A=5.0mHz, S0=1.8e-06: DONE (T1 shape=(100, 100))
[2026-03-08 12:21:19]   -> Saved raw data to /home/yunwei/SNAIL/full_simulation copy/T1date_total_rate_raw_data.pkl
[2026-03-08 12:21:19] [13/15] A=5.0mHz, S0=3.2e-06: RUNNING T1 simulation...
[2026-03-08 12:21:40] [13/15] A=5.0mHz, S0=3.2e-06: DONE (T1 shape=(100, 100))
[2026-03-08 12:21:40]   -> Saved raw data to /home/yunwei/SNAIL/full_simulation copy/T1date_total_rate_raw_data.pkl
[2026-03-08 12:21:40] [14/15] A=5.0mHz, S0=5.6e-06: RUNNING T1 simulation...
[2026-03-08 12:22:02] [14/15] A=5.0mHz, S0=5.6e-06: DONE (T1 shape=(100, 100))
[2026-03-08 12:22:02]   -> Saved raw data to /home/yunwei/SNAIL/full_simulation copy/T1date_total_rate_raw_data.pkl
[2026-03-08 12:22:02] [15/15] A=5.0mHz, S0=1.0e-05: RUNNING T1 simulation...
[2026-03-08 12:22:23] [15/15] A=5.0mHz, S0=1.0e-05: DONE (T1 shape=(100, 100))
[2026-03-08 12:22:23]   -> Saved raw data to /home/yunwei/SNAIL/full_simulation copy/T1date_total_rate_raw_data.pkl
[2026-03-08 12:22:23] === ALL T1 SIMULATIONS DONE ===
[2026-03-08 12:25:37] Loaded existing raw data from /home/yunwei/SNAIL/full_simulation copy/T1date_total_rate_raw_data.pkl
[2026-03-08 12:25:37] Total tasks: 1 (1 A values x 1 S0 values)
[2026-03-08 12:25:37] [1/1] A=0.0mHz, S0=1.0e-05: RUNNING T1 simulation...
[2026-03-08 12:25:48] [1/1] A=0.0mHz, S0=1.0e-05: DONE (T1 shape=(100, 100))
[2026-03-08 12:25:48]   -> Saved raw data to /home/yunwei/SNAIL/full_simulation copy/T1date_total_rate_raw_data.pkl
[2026-03-08 12:25:48] === ALL T1 SIMULATIONS DONE ===
[2026-03-08 12:25:50] Loaded existing raw data from /home/yunwei/SNAIL/full_simulation copy/T1date_total_rate_raw_data.pkl
[2026-03-08 12:25:50] Total tasks: 1 (1 A values x 1 S0 values)
[2026-03-08 12:25:50] [1/1] A=0.0mHz, S0=0.0e+00: RUNNING T1 simulation...
[2026-03-08 12:25:59] [1/1] A=0.0mHz, S0=0.0e+00: DONE (T1 shape=(100, 100))
[2026-03-08 12:25:59]   -> Saved raw data to /home/yunwei/SNAIL/full_simulation copy/T1date_total_rate_raw_data.pkl
[2026-03-08 12:25:59] === ALL T1 SIMULATIONS DONE ===
