[2026-02-08 09:27:12] Loaded existing results from total_rate_data.pkl
[2026-02-08 09:27:12] Total tasks: 15 (3 A values x 5 S0 values)
[2026-02-08 09:27:12] [1/15] A=1.0mHz, S0=1.0e-06: RUNNING...
[2026-02-08 10:42:18] [1/15] A=1.0mHz, S0=1.0e-06: DONE avg=0.000000, std=0.000000
[2026-02-08 10:42:18]   -> Saved to total_rate_data.pkl
[2026-02-08 10:42:18] [2/15] A=1.0mHz, S0=1.8e-06: RUNNING...
[2026-02-08 11:57:52] [2/15] A=1.0mHz, S0=1.8e-06: DONE avg=0.000000, std=0.000000
[2026-02-08 11:57:52]   -> Saved to total_rate_data.pkl
[2026-02-08 11:57:52] [3/15] A=1.0mHz, S0=3.2e-06: RUNNING...
[2026-02-08 13:17:19] [3/15] A=1.0mHz, S0=3.2e-06: DONE avg=0.000000, std=0.000000
[2026-02-08 13:17:19]   -> Saved to total_rate_data.pkl
[2026-02-08 13:17:19] [4/15] A=1.0mHz, S0=5.6e-06: RUNNING...
[2026-02-08 14:42:59] [4/15] A=1.0mHz, S0=5.6e-06: DONE avg=0.000001, std=0.000000
[2026-02-08 14:42:59]   -> Saved to total_rate_data.pkl
[2026-02-08 14:42:59] [5/15] A=1.0mHz, S0=1.0e-05: RUNNING...
[2026-02-08 16:12:51] [5/15] A=1.0mHz, S0=1.0e-05: DONE avg=0.000002, std=0.000000
[2026-02-08 16:12:51]   -> Saved to total_rate_data.pkl
[2026-02-08 16:12:51] [6/15] A=3.0mHz, S0=1.0e-06: RUNNING...
[2026-02-08 17:35:21] [6/15] A=3.0mHz, S0=1.0e-06: DONE avg=0.000000, std=0.000000
[2026-02-08 17:35:21]   -> Saved to total_rate_data.pkl
[2026-02-08 17:35:21] [7/15] A=3.0mHz, S0=1.8e-06: RUNNING...
[2026-02-08 18:57:57] [7/15] A=3.0mHz, S0=1.8e-06: DONE avg=0.000000, std=0.000000
[2026-02-08 18:57:57]   -> Saved to total_rate_data.pkl
[2026-02-08 18:57:57] [8/15] A=3.0mHz, S0=3.2e-06: RUNNING...
[2026-02-08 20:25:07] [8/15] A=3.0mHz, S0=3.2e-06: DONE avg=0.000001, std=0.000000
[2026-02-08 20:25:07]   -> Saved to total_rate_data.pkl
[2026-02-08 20:25:07] [9/15] A=3.0mHz, S0=5.6e-06: RUNNING...
[2026-02-08 21:56:59] [9/15] A=3.0mHz, S0=5.6e-06: DONE avg=0.000001, std=0.000000
[2026-02-08 21:56:59]   -> Saved to total_rate_data.pkl
[2026-02-08 21:56:59] [10/15] A=3.0mHz, S0=1.0e-05: RUNNING...
[2026-02-08 23:35:27] [10/15] A=3.0mHz, S0=1.0e-05: DONE avg=0.000002, std=0.000000
[2026-02-08 23:35:27]   -> Saved to total_rate_data.pkl
[2026-02-08 23:35:27] [11/15] A=5.0mHz, S0=1.0e-06: RUNNING...
[2026-02-09 01:00:33] [11/15] A=5.0mHz, S0=1.0e-06: DONE avg=0.000001, std=0.000000
[2026-02-09 01:00:33]   -> Saved to total_rate_data.pkl
[2026-02-09 01:00:33] [12/15] A=5.0mHz, S0=1.8e-06: RUNNING...
[2026-02-09 02:27:19] [12/15] A=5.0mHz, S0=1.8e-06: DONE avg=0.000001, std=0.000000
[2026-02-09 02:27:19]   -> Saved to total_rate_data.pkl
[2026-02-09 02:27:19] [13/15] A=5.0mHz, S0=3.2e-06: RUNNING...
[2026-02-09 03:54:43] [13/15] A=5.0mHz, S0=3.2e-06: DONE avg=0.000001, std=0.000000
[2026-02-09 03:54:43]   -> Saved to total_rate_data.pkl
[2026-02-09 03:54:43] [14/15] A=5.0mHz, S0=5.6e-06: RUNNING...
[2026-02-09 05:27:59] [14/15] A=5.0mHz, S0=5.6e-06: DONE avg=0.000001, std=0.000000
[2026-02-09 05:27:59]   -> Saved to total_rate_data.pkl
[2026-02-09 05:27:59] [15/15] A=5.0mHz, S0=1.0e-05: RUNNING...
[2026-02-09 07:08:44] [15/15] A=5.0mHz, S0=1.0e-05: DONE avg=0.000003, std=0.000000
[2026-02-09 07:08:44]   -> Saved to total_rate_data.pkl
[2026-02-09 07:08:44] === ALL COMPUTATIONS DONE ===
[2026-02-10 11:46:15] Starting fresh
[2026-02-10 11:46:15] Total tasks: 15 (3 A values x 5 S0 values)
[2026-02-10 11:46:15] [1/15] A=1.0mHz, S0=1.0e-06: RUNNING T1 + T2 simulation...
[2026-02-10 11:47:36] Starting fresh
[2026-02-10 11:47:36] Total tasks: 15 (3 A values x 5 S0 values)
[2026-02-10 11:47:36] [1/15] A=1.0mHz, S0=1.0e-06: RUNNING T1 + T2 simulation...
[2026-02-10 13:20:48] Starting fresh
[2026-02-10 13:20:48] Total tasks: 15 (3 A values x 5 S0 values)
[2026-02-10 13:20:48] [1/15] A=1.0mHz, S0=1.0e-06: RUNNING T1 + T2 simulation...
[2026-02-10 14:35:50] [1/15] A=1.0mHz, S0=1.0e-06: DONE (T1 shape=(100, 10000), T2 shape=(100, 50000))
[2026-02-10 14:35:50]   -> Saved raw data to /home/yunwei/SNAIL/transmon/monte_carlo/new/full_simulation/total_rate_raw_data.pkl
[2026-02-10 14:35:50] [2/15] A=1.0mHz, S0=1.8e-06: RUNNING T1 + T2 simulation...
[2026-02-10 15:52:51] [2/15] A=1.0mHz, S0=1.8e-06: DONE (T1 shape=(100, 10000), T2 shape=(100, 50000))
[2026-02-10 15:52:52]   -> Saved raw data to /home/yunwei/SNAIL/transmon/monte_carlo/new/full_simulation/total_rate_raw_data.pkl
[2026-02-10 15:52:52] [3/15] A=1.0mHz, S0=3.2e-06: RUNNING T1 + T2 simulation...
[2026-02-10 17:11:07] [3/15] A=1.0mHz, S0=3.2e-06: DONE (T1 shape=(100, 10000), T2 shape=(100, 50000))
[2026-02-10 17:11:07]   -> Saved raw data to /home/yunwei/SNAIL/transmon/monte_carlo/new/full_simulation/total_rate_raw_data.pkl
[2026-02-10 17:11:07] [4/15] A=1.0mHz, S0=5.6e-06: RUNNING T1 + T2 simulation...
[2026-02-10 18:35:45] [4/15] A=1.0mHz, S0=5.6e-06: DONE (T1 shape=(100, 10000), T2 shape=(100, 50000))
[2026-02-10 18:35:46]   -> Saved raw data to /home/yunwei/SNAIL/transmon/monte_carlo/new/full_simulation/total_rate_raw_data.pkl
[2026-02-10 18:35:46] [5/15] A=1.0mHz, S0=1.0e-05: RUNNING T1 + T2 simulation...
[2026-02-10 20:05:26] [5/15] A=1.0mHz, S0=1.0e-05: DONE (T1 shape=(100, 10000), T2 shape=(100, 50000))
[2026-02-10 20:05:26]   -> Saved raw data to /home/yunwei/SNAIL/transmon/monte_carlo/new/full_simulation/total_rate_raw_data.pkl
[2026-02-10 20:05:26] [6/15] A=3.0mHz, S0=1.0e-06: RUNNING T1 + T2 simulation...
[2026-02-10 21:26:39] [6/15] A=3.0mHz, S0=1.0e-06: DONE (T1 shape=(100, 10000), T2 shape=(100, 50000))
[2026-02-10 21:26:40]   -> Saved raw data to /home/yunwei/SNAIL/transmon/monte_carlo/new/full_simulation/total_rate_raw_data.pkl
[2026-02-10 21:26:40] [7/15] A=3.0mHz, S0=1.8e-06: RUNNING T1 + T2 simulation...
[2026-02-10 22:49:53] [7/15] A=3.0mHz, S0=1.8e-06: DONE (T1 shape=(100, 10000), T2 shape=(100, 50000))
[2026-02-10 22:49:53]   -> Saved raw data to /home/yunwei/SNAIL/transmon/monte_carlo/new/full_simulation/total_rate_raw_data.pkl
[2026-02-10 22:49:53] [8/15] A=3.0mHz, S0=3.2e-06: RUNNING T1 + T2 simulation...
[2026-02-11 00:16:43] [8/15] A=3.0mHz, S0=3.2e-06: DONE (T1 shape=(100, 10000), T2 shape=(100, 50000))
[2026-02-11 00:16:44]   -> Saved raw data to /home/yunwei/SNAIL/transmon/monte_carlo/new/full_simulation/total_rate_raw_data.pkl
[2026-02-11 00:16:44] [9/15] A=3.0mHz, S0=5.6e-06: RUNNING T1 + T2 simulation...
[2026-02-11 01:47:54] [9/15] A=3.0mHz, S0=5.6e-06: DONE (T1 shape=(100, 10000), T2 shape=(100, 50000))
[2026-02-11 01:47:55]   -> Saved raw data to /home/yunwei/SNAIL/transmon/monte_carlo/new/full_simulation/total_rate_raw_data.pkl
[2026-02-11 01:47:55] [10/15] A=3.0mHz, S0=1.0e-05: RUNNING T1 + T2 simulation...
[2026-02-11 03:25:53] [10/15] A=3.0mHz, S0=1.0e-05: DONE (T1 shape=(100, 10000), T2 shape=(100, 50000))
[2026-02-11 03:25:54]   -> Saved raw data to /home/yunwei/SNAIL/transmon/monte_carlo/new/full_simulation/total_rate_raw_data.pkl
[2026-02-11 03:25:54] [11/15] A=5.0mHz, S0=1.0e-06: RUNNING T1 + T2 simulation...
[2026-02-11 04:51:50] [11/15] A=5.0mHz, S0=1.0e-06: DONE (T1 shape=(100, 10000), T2 shape=(100, 50000))
[2026-02-11 04:51:51]   -> Saved raw data to /home/yunwei/SNAIL/transmon/monte_carlo/new/full_simulation/total_rate_raw_data.pkl
[2026-02-11 04:51:51] [12/15] A=5.0mHz, S0=1.8e-06: RUNNING T1 + T2 simulation...
[2026-02-11 06:18:50] [12/15] A=5.0mHz, S0=1.8e-06: DONE (T1 shape=(100, 10000), T2 shape=(100, 50000))
[2026-02-11 06:18:51]   -> Saved raw data to /home/yunwei/SNAIL/transmon/monte_carlo/new/full_simulation/total_rate_raw_data.pkl
[2026-02-11 06:18:51] [13/15] A=5.0mHz, S0=3.2e-06: RUNNING T1 + T2 simulation...
[2026-02-11 07:46:49] [13/15] A=5.0mHz, S0=3.2e-06: DONE (T1 shape=(100, 10000), T2 shape=(100, 50000))
[2026-02-11 07:46:50]   -> Saved raw data to /home/yunwei/SNAIL/transmon/monte_carlo/new/full_simulation/total_rate_raw_data.pkl
[2026-02-11 07:46:50] [14/15] A=5.0mHz, S0=5.6e-06: RUNNING T1 + T2 simulation...
[2026-02-11 09:20:16] [14/15] A=5.0mHz, S0=5.6e-06: DONE (T1 shape=(100, 10000), T2 shape=(100, 50000))
[2026-02-11 09:20:17]   -> Saved raw data to /home/yunwei/SNAIL/transmon/monte_carlo/new/full_simulation/total_rate_raw_data.pkl
[2026-02-11 09:20:17] [15/15] A=5.0mHz, S0=1.0e-05: RUNNING T1 + T2 simulation...
[2026-02-11 11:01:13] Loaded existing raw data from /home/yunwei/SNAIL/transmon/monte_carlo/new/full_simulation/total_rate_raw_data.pkl
[2026-02-11 11:01:13] Total tasks: 15 (3 A values x 5 S0 values)
[2026-02-11 11:01:13] [1/15] A=1.0mHz, S0=1.0e-06: SKIPPED (already done)
[2026-02-11 11:01:13] [2/15] A=1.0mHz, S0=1.8e-06: SKIPPED (already done)
[2026-02-11 11:01:13] [3/15] A=1.0mHz, S0=3.2e-06: SKIPPED (already done)
[2026-02-11 11:01:13] [4/15] A=1.0mHz, S0=5.6e-06: SKIPPED (already done)
[2026-02-11 11:01:13] [5/15] A=1.0mHz, S0=1.0e-05: SKIPPED (already done)
[2026-02-11 11:01:13] [6/15] A=3.0mHz, S0=1.0e-06: SKIPPED (already done)
[2026-02-11 11:01:13] [7/15] A=3.0mHz, S0=1.8e-06: SKIPPED (already done)
[2026-02-11 11:01:13] [8/15] A=3.0mHz, S0=3.2e-06: SKIPPED (already done)
[2026-02-11 11:01:13] [9/15] A=3.0mHz, S0=5.6e-06: SKIPPED (already done)
[2026-02-11 11:01:13] [10/15] A=3.0mHz, S0=1.0e-05: SKIPPED (already done)
[2026-02-11 11:01:13] [11/15] A=5.0mHz, S0=1.0e-06: SKIPPED (already done)
[2026-02-11 11:01:13] [12/15] A=5.0mHz, S0=1.8e-06: SKIPPED (already done)
[2026-02-11 11:01:13] [13/15] A=5.0mHz, S0=3.2e-06: SKIPPED (already done)
[2026-02-11 11:01:13] [14/15] A=5.0mHz, S0=5.6e-06: SKIPPED (already done)
[2026-02-11 11:01:13] [15/15] A=5.0mHz, S0=1.0e-05: RUNNING T1 + T2 simulation...
[2026-02-11 11:01:40] Loaded existing raw data from /home/yunwei/SNAIL/transmon/monte_carlo/new/full_simulation/total_rate_raw_data.pkl
[2026-02-11 11:01:40] Total tasks: 15 (3 A values x 5 S0 values)
[2026-02-11 11:01:40] [1/15] A=1.0mHz, S0=1.0e-06: SKIPPED (already done)
[2026-02-11 11:01:40] [2/15] A=1.0mHz, S0=1.8e-06: SKIPPED (already done)
[2026-02-11 11:01:40] [3/15] A=1.0mHz, S0=3.2e-06: SKIPPED (already done)
[2026-02-11 11:01:40] [4/15] A=1.0mHz, S0=5.6e-06: SKIPPED (already done)
[2026-02-11 11:01:40] [5/15] A=1.0mHz, S0=1.0e-05: SKIPPED (already done)
[2026-02-11 11:01:40] [6/15] A=3.0mHz, S0=1.0e-06: SKIPPED (already done)
[2026-02-11 11:01:40] [7/15] A=3.0mHz, S0=1.8e-06: SKIPPED (already done)
[2026-02-11 11:01:40] [8/15] A=3.0mHz, S0=3.2e-06: SKIPPED (already done)
[2026-02-11 11:01:40] [9/15] A=3.0mHz, S0=5.6e-06: SKIPPED (already done)
[2026-02-11 11:01:40] [10/15] A=3.0mHz, S0=1.0e-05: SKIPPED (already done)
[2026-02-11 11:01:40] [11/15] A=5.0mHz, S0=1.0e-06: SKIPPED (already done)
[2026-02-11 11:01:40] [12/15] A=5.0mHz, S0=1.8e-06: SKIPPED (already done)
[2026-02-11 11:01:40] [13/15] A=5.0mHz, S0=3.2e-06: SKIPPED (already done)
[2026-02-11 11:01:40] [14/15] A=5.0mHz, S0=5.6e-06: SKIPPED (already done)
[2026-02-11 11:01:40] [15/15] A=5.0mHz, S0=1.0e-05: RUNNING T1 + T2 simulation...
[2026-02-11 12:37:33] [15/15] A=5.0mHz, S0=1.0e-05: DONE (T1 shape=(100, 10000), T2 shape=(100, 50000))
[2026-02-11 12:37:34]   -> Saved raw data to /home/yunwei/SNAIL/transmon/monte_carlo/new/full_simulation/total_rate_raw_data.pkl
[2026-02-11 12:37:34] === ALL T1/T2 SIMULATIONS DONE ===
